sapsmobile/build/app/outputs/mapping/release/mapping.txt
# compiler: R8
# compiler_version: 1.5.64
# min_api: 16
# pg_map_id: 5a1e3c5
...
androidx.lifecycle.SingleGeneratedAdapterObserver -> androidx.lifecycle.SingleGeneratedAdapterObserver:
    androidx.lifecycle.GeneratedAdapter mGeneratedAdapter -> a
    void onStateChanged(androidx.lifecycle.LifecycleOwner,androidx.lifecycle.Lifecycle$Event) -> a
androidx.versionedparcelable.ParcelImpl -> androidx.versionedparcelable.ParcelImpl:
    androidx.versionedparcelable.VersionedParcelable mParcel -> a
androidx.versionedparcelable.ParcelImpl$1 -> androidx.versionedparcelable.ParcelImpl$a:
androidx.versionedparcelable.VersionedParcel -> androidx.versionedparcelable.a:
    void closeField() -> a
    java.lang.Class findParcelClass(java.lang.Class) -> a
    byte[] readByteArray(byte[],int) -> a
    boolean readField(int) -> a
    androidx.versionedparcelable.VersionedParcelable readFromParcel(java.lang.String,androidx.versionedparcelable.VersionedParcel) -> a
    int readInt(int,int) -> a
    android.os.Parcelable readParcelable(android.os.Parcelable,int) -> a
    java.lang.String readString(java.lang.String,int) -> a
    void setSerializationFlags(boolean,boolean) -> a
    void writeByteArray(byte[]) -> a
    void writeParcelable(android.os.Parcelable) -> a
    void writeString(java.lang.String) -> a
    void writeToParcel(androidx.versionedparcelable.VersionedParcelable,androidx.versionedparcelable.VersionedParcel) -> a
    void writeVersionedParcelable(androidx.versionedparcelable.VersionedParcelable) -> a
    androidx.versionedparcelable.VersionedParcel createSubParcel() -> b
    java.lang.Class findParcelClass(androidx.versionedparcelable.VersionedParcelable) -> b
    void setOutputField(int) -> b
    void writeByteArray(byte[],int) -> b
    void writeInt(int,int) -> b
    void writeParcelable(android.os.Parcelable,int) -> b
    void writeString(java.lang.String,int) -> b
    boolean isStream() -> c
    void writeInt(int) -> c
    void writeVersionedParcelableCreator(androidx.versionedparcelable.VersionedParcelable) -> c
    byte[] readByteArray() -> d
androidx.versionedparcelable.VersionedParcelParcel -> androidx.versionedparcelable.b:
    android.util.SparseIntArray mPositionLookup -> a
    android.os.Parcel mParcel -> b
    int mCurrentField -> f
    int mNextRead -> g
    int mEnd -> d
    int mOffset -> c
    java.lang.String mPrefix -> e
    void closeField() -> a
    boolean readField(int) -> a
    void writeByteArray(byte[]) -> a
    void writeParcelable(android.os.Parcelable) -> a
    void writeString(java.lang.String) -> a
    androidx.versionedparcelable.VersionedParcel createSubParcel() -> b
    void setOutputField(int) -> b
    void writeInt(int) -> c
    byte[] readByteArray() -> d
    int readUntilField(int) -> d
    int readInt() -> e
    android.os.Parcelable readParcelable() -> f
    java.lang.String readString() -> g
androidx.versionedparcelable.VersionedParcelable -> androidx.versionedparcelable.c:
com.example.sapsmobile.MainActivity -> com.example.sapsmobile.MainActivity:
    void configureFlutterEngine(io.flutter.embedding.engine.FlutterEngine) -> a
io.flutter.Log -> b.a.a:
    void d(java.lang.String,java.lang.String) -> a
    void e(java.lang.String,java.lang.String,java.lang.Throwable) -> a
    void e(java.lang.String,java.lang.String) -> b
    void v(java.lang.String,java.lang.String) -> c
    void w(java.lang.String,java.lang.String) -> d
io.flutter.embedding.android.AndroidKeyProcessor -> b.a.b.a.a:
    io.flutter.embedding.engine.systemchannels.KeyEventChannel keyEventChannel -> a
    int combiningCharacter -> c
    io.flutter.plugin.editing.TextInputPlugin textInputPlugin -> b
    java.lang.Character applyCombiningCharacterToBaseCharacter(int) -> a
    void onKeyDown(android.view.KeyEvent) -> a
    void onKeyUp(android.view.KeyEvent) -> b